  Camera.cpp
C:\Users\xiaof\source\repos\Easy2D游戏示例\Easy2D游戏示例\Camera.h(35,30): warning C4244: “初始化”: 从“float”转换到“int”，可能丢失数据
C:\Users\xiaof\source\repos\Easy2D游戏示例\Easy2D游戏示例\Camera.h(35,60): warning C4244: “初始化”: 从“float”转换到“int”，可能丢失数据
C:\Users\xiaof\source\repos\Easy2D游戏示例\Easy2D游戏示例\Camera.cpp(45,16): warning C4244: “初始化”: 从“double”转换到“float”，可能丢失数据
C:\Users\xiaof\source\repos\Easy2D游戏示例\Easy2D游戏示例\Camera.cpp(46,16): warning C4244: “初始化”: 从“double”转换到“float”，可能丢失数据
C:\Users\xiaof\source\repos\Easy2D游戏示例\Easy2D游戏示例\Camera.cpp(47,17): warning C4244: “初始化”: 从“int”转换到“float”，可能丢失数据
C:\Users\xiaof\source\repos\Easy2D游戏示例\Easy2D游戏示例\Camera.cpp(48,18): warning C4244: “初始化”: 从“int”转换到“float”，可能丢失数据
C:\Users\xiaof\source\repos\Easy2D游戏示例\Easy2D游戏示例\Camera.cpp(49,14): warning C4244: “初始化”: 从“int”转换到“float”，可能丢失数据
C:\Users\xiaof\source\repos\Easy2D游戏示例\Easy2D游戏示例\Camera.cpp(50,14): warning C4244: “初始化”: 从“int”转换到“float”，可能丢失数据
C:\Users\xiaof\source\repos\Easy2D游戏示例\Easy2D游戏示例\Camera.cpp(51,14): warning C4244: “初始化”: 从“int”转换到“float”，可能丢失数据
C:\Users\xiaof\source\repos\Easy2D游戏示例\Easy2D游戏示例\Camera.cpp(52,14): warning C4244: “初始化”: 从“int”转换到“float”，可能丢失数据
C:\Users\xiaof\source\repos\Easy2D游戏示例\Easy2D游戏示例\Camera.cpp(56,36): warning C4244: “=”: 从“float”转换到“int”，可能丢失数据
C:\Users\xiaof\source\repos\Easy2D游戏示例\Easy2D游戏示例\Camera.cpp(60,36): warning C4244: “=”: 从“float”转换到“int”，可能丢失数据
C:\Users\xiaof\source\repos\Easy2D游戏示例\Easy2D游戏示例\Camera.cpp(64,44): warning C4244: “=”: 从“float”转换到“int”，可能丢失数据
C:\Users\xiaof\source\repos\Easy2D游戏示例\Easy2D游戏示例\Camera.cpp(68,45): warning C4244: “=”: 从“float”转换到“int”，可能丢失数据
C:\Users\xiaof\source\repos\Easy2D游戏示例\Easy2D游戏示例\Camera.cpp(80,32): warning C4244: “=”: 从“float”转换到“int”，可能丢失数据
C:\Users\xiaof\source\repos\Easy2D游戏示例\Easy2D游戏示例\Camera.cpp(90,32): warning C4244: “=”: 从“float”转换到“int”，可能丢失数据
C:\Users\xiaof\source\repos\Easy2D游戏示例\Easy2D游戏示例\Camera.cpp(99,53): warning C4244: “参数”: 从“double”转换到“float”，可能丢失数据
C:\Users\xiaof\source\repos\Easy2D游戏示例\Easy2D游戏示例\Camera.cpp(99,33): warning C4244: “参数”: 从“double”转换到“float”，可能丢失数据
C:\Users\xiaof\source\repos\Easy2D游戏示例\Easy2D游戏示例\Camera.cpp(101,38): warning C4244: “参数”: 从“double”转换到“float”，可能丢失数据
C:\Users\xiaof\source\repos\Easy2D游戏示例\Easy2D游戏示例\Camera.cpp(138,44): warning C4244: “参数”: 从“int”转换到“float”，可能丢失数据
C:\Users\xiaof\source\repos\Easy2D游戏示例\Easy2D游戏示例\Camera.cpp(141,39): warning C4244: “参数”: 从“double”转换到“float”，可能丢失数据
C:\Users\xiaof\source\repos\Easy2D游戏示例\Easy2D游戏示例\Camera.cpp(141,36): warning C4244: “参数”: 从“double”转换到“float”，可能丢失数据
C:\Users\xiaof\source\repos\Easy2D游戏示例\Easy2D游戏示例\Camera.cpp(143,17): warning C4244: “初始化”: 从“double”转换到“float”，可能丢失数据
C:\Users\xiaof\source\repos\Easy2D游戏示例\Easy2D游戏示例\Camera.cpp(157,50): warning C4244: “参数”: 从“double”转换到“float”，可能丢失数据
C:\Users\xiaof\source\repos\Easy2D游戏示例\Easy2D游戏示例\Camera.cpp(157,21): warning C4244: “参数”: 从“double”转换到“float”，可能丢失数据
C:\Users\xiaof\source\repos\Easy2D游戏示例\Easy2D游戏示例\Camera.cpp(173,63): warning C4244: “参数”: 从“int”转换到“float”，可能丢失数据
C:\Users\xiaof\source\repos\Easy2D游戏示例\Easy2D游戏示例\Camera.cpp(173,39): warning C4244: “参数”: 从“int”转换到“float”，可能丢失数据
C:\Users\xiaof\source\repos\Easy2D游戏示例\Easy2D游戏示例\Camera.cpp(179,58): warning C4244: “参数”: 从“int”转换到“float”，可能丢失数据
C:\Users\xiaof\source\repos\Easy2D游戏示例\Easy2D游戏示例\Camera.cpp(179,36): warning C4244: “参数”: 从“int”转换到“float”，可能丢失数据
C:\Users\xiaof\source\repos\Easy2D游戏示例\Easy2D游戏示例\Camera.cpp(184,17): warning C4244: “+=”: 从“float”转换到“int”，可能丢失数据
C:\Users\xiaof\source\repos\Easy2D游戏示例\Easy2D游戏示例\Camera.cpp(185,17): warning C4244: “+=”: 从“float”转换到“int”，可能丢失数据
  SceneManage.cpp
C:\Users\xiaof\source\repos\Easy2D游戏示例\Easy2D游戏示例\SceneManage.cpp(43,24): warning C4244: “参数”: 从“int”转换到“float”，可能丢失数据
C:\Users\xiaof\source\repos\Easy2D游戏示例\Easy2D游戏示例\SceneManage.cpp(44,25): warning C4244: “参数”: 从“int”转换到“float”，可能丢失数据
C:\Users\xiaof\source\repos\Easy2D游戏示例\Easy2D游戏示例\SceneManage.cpp(50,56): warning C4244: “参数”: 从“int”转换到“float”，可能丢失数据
C:\Users\xiaof\source\repos\Easy2D游戏示例\Easy2D游戏示例\SceneManage.cpp(50,43): warning C4244: “参数”: 从“int”转换到“float”，可能丢失数据
C:\Users\xiaof\source\repos\Easy2D游戏示例\Easy2D游戏示例\SceneManage.cpp(106,27): warning C4244: “=”: 从“int”转换到“float”，可能丢失数据
C:\Users\xiaof\source\repos\Easy2D游戏示例\Easy2D游戏示例\SceneManage.cpp(107,25): warning C4244: “=”: 从“int”转换到“float”，可能丢失数据
C:\Users\xiaof\source\repos\Easy2D游戏示例\Easy2D游戏示例\SceneManage.cpp(173,22): warning C4244: “参数”: 从“int”转换到“float”，可能丢失数据
C:\Users\xiaof\source\repos\Easy2D游戏示例\Easy2D游戏示例\SceneManage.cpp(174,23): warning C4244: “参数”: 从“int”转换到“float”，可能丢失数据
C:\Users\xiaof\source\repos\Easy2D游戏示例\Easy2D游戏示例\SceneManage.cpp(181,54): warning C4244: “参数”: 从“int”转换到“float”，可能丢失数据
C:\Users\xiaof\source\repos\Easy2D游戏示例\Easy2D游戏示例\SceneManage.cpp(181,41): warning C4244: “参数”: 从“int”转换到“float”，可能丢失数据
C:\Users\xiaof\source\repos\Easy2D游戏示例\Easy2D游戏示例\SceneManage.cpp(193,17): warning C4244: “初始化”: 从“double”转换到“float”，可能丢失数据
C:\Users\xiaof\source\repos\Easy2D游戏示例\Easy2D游戏示例\SceneManage.cpp(194,17): warning C4244: “初始化”: 从“double”转换到“float”，可能丢失数据
C:\Users\xiaof\source\repos\Easy2D游戏示例\Easy2D游戏示例\SceneManage.cpp(212,17): warning C4244: “初始化”: 从“double”转换到“float”，可能丢失数据
C:\Users\xiaof\source\repos\Easy2D游戏示例\Easy2D游戏示例\SceneManage.cpp(301,16): warning C4244: “初始化”: 从“double”转换到“float”，可能丢失数据
C:\Users\xiaof\source\repos\Easy2D游戏示例\Easy2D游戏示例\SceneManage.cpp(302,16): warning C4244: “初始化”: 从“double”转换到“float”，可能丢失数据
C:\Users\xiaof\source\repos\Easy2D游戏示例\Easy2D游戏示例\SceneManage.cpp(303,14): warning C4244: “初始化”: 从“int”转换到“float”，可能丢失数据
C:\Users\xiaof\source\repos\Easy2D游戏示例\Easy2D游戏示例\SceneManage.cpp(304,14): warning C4244: “初始化”: 从“int”转换到“float”，可能丢失数据
C:\Users\xiaof\source\repos\Easy2D游戏示例\Easy2D游戏示例\SceneManage.cpp(369,26): warning C4244: “=”: 从“double”转换到“float”，可能丢失数据
C:\Users\xiaof\source\repos\Easy2D游戏示例\Easy2D游戏示例\SceneManage.cpp(370,26): warning C4244: “=”: 从“double”转换到“float”，可能丢失数据
C:\Users\xiaof\source\repos\Easy2D游戏示例\Easy2D游戏示例\SceneManage.cpp(371,37): warning C4244: “=”: 从“double”转换到“float”，可能丢失数据
C:\Users\xiaof\source\repos\Easy2D游戏示例\Easy2D游戏示例\SceneManage.cpp(374,28): warning C4244: “+=”: 从“double”转换到“float”，可能丢失数据
C:\Users\xiaof\source\repos\Easy2D游戏示例\Easy2D游戏示例\SceneManage.cpp(375,28): warning C4244: “+=”: 从“double”转换到“float”，可能丢失数据
C:\Users\xiaof\source\repos\Easy2D游戏示例\Easy2D游戏示例\SceneManage.cpp(376,28): warning C4244: “-=”: 从“double”转换到“float”，可能丢失数据
C:\Users\xiaof\source\repos\Easy2D游戏示例\Easy2D游戏示例\SceneManage.cpp(377,28): warning C4244: “+=”: 从“double”转换到“float”，可能丢失数据
C:\Users\xiaof\source\repos\Easy2D游戏示例\Easy2D游戏示例\SceneManage.cpp(378,32): warning C4244: “=”: 从“double”转换到“float”，可能丢失数据
C:\Users\xiaof\source\repos\Easy2D游戏示例\Easy2D游戏示例\SceneManage.cpp(379,32): warning C4244: “=”: 从“double”转换到“float”，可能丢失数据
C:\Users\xiaof\source\repos\Easy2D游戏示例\Easy2D游戏示例\SceneManage.cpp(390,43): warning C4244: “参数”: 从“int”转换到“float”，可能丢失数据
C:\Users\xiaof\source\repos\Easy2D游戏示例\Easy2D游戏示例\SceneManage.cpp(391,43): warning C4244: “参数”: 从“int”转换到“float”，可能丢失数据
C:\Users\xiaof\source\repos\Easy2D游戏示例\Easy2D游戏示例\SceneManage.cpp(418,21): warning C4244: “初始化”: 从“double”转换到“float”，可能丢失数据
C:\Users\xiaof\source\repos\Easy2D游戏示例\Easy2D游戏示例\SceneManage.cpp(462,26): warning C4244: “=”: 从“double”转换到“float”，可能丢失数据
C:\Users\xiaof\source\repos\Easy2D游戏示例\Easy2D游戏示例\SceneManage.cpp(463,26): warning C4244: “=”: 从“double”转换到“float”，可能丢失数据
C:\Users\xiaof\source\repos\Easy2D游戏示例\Easy2D游戏示例\SceneManage.cpp(464,37): warning C4244: “=”: 从“double”转换到“float”，可能丢失数据
C:\Users\xiaof\source\repos\Easy2D游戏示例\Easy2D游戏示例\SceneManage.cpp(467,28): warning C4244: “+=”: 从“double”转换到“float”，可能丢失数据
C:\Users\xiaof\source\repos\Easy2D游戏示例\Easy2D游戏示例\SceneManage.cpp(468,28): warning C4244: “+=”: 从“double”转换到“float”，可能丢失数据
C:\Users\xiaof\source\repos\Easy2D游戏示例\Easy2D游戏示例\SceneManage.cpp(469,28): warning C4244: “-=”: 从“double”转换到“float”，可能丢失数据
C:\Users\xiaof\source\repos\Easy2D游戏示例\Easy2D游戏示例\SceneManage.cpp(470,28): warning C4244: “+=”: 从“double”转换到“float”，可能丢失数据
C:\Users\xiaof\source\repos\Easy2D游戏示例\Easy2D游戏示例\SceneManage.cpp(471,34): warning C4244: “=”: 从“double”转换到“float”，可能丢失数据
C:\Users\xiaof\source\repos\Easy2D游戏示例\Easy2D游戏示例\SceneManage.cpp(472,34): warning C4244: “=”: 从“double”转换到“float”，可能丢失数据
  正在生成代码...
  Easy2D游戏示例.vcxproj -> C:\Users\xiaof\source\repos\Easy2D游戏示例\x64\Debug\Easy2D游戏示例.exe
